TN:
SF:src\demain\usecases\auth-usecase.js
FN:4,(anonymous_0)
FN:7,(anonymous_1)
FNF:2
FNH:2
FNDA:6,(anonymous_0)
FNDA:6,(anonymous_1)
DA:1,1
DA:3,1
DA:5,6
DA:8,6
DA:9,1
DA:11,5
DA:12,1
DA:14,4
DA:15,1
DA:17,3
DA:18,1
DA:20,2
DA:21,2
DA:22,2
LF:14
LH:14
BRDA:8,0,0,1
BRDA:8,0,1,5
BRDA:11,1,0,1
BRDA:11,1,1,4
BRDA:14,2,0,1
BRDA:14,2,1,3
BRDA:17,3,0,1
BRDA:17,3,1,2
BRDA:21,4,0,2
BRDA:21,4,1,0
BRF:10
BRH:9
end_of_record
TN:
SF:src\utils\errors\index.js
FNF:0
FNH:0
DA:1,1
DA:2,1
DA:4,1
LF:3
LH:3
BRF:0
BRH:0
end_of_record
