TN:
SF:src\demain\usecases\auth-usecase.js
FN:4,(anonymous_0)
FN:9,(anonymous_1)
FNF:2
FNH:2
FNDA:9,(anonymous_0)
FNDA:9,(anonymous_1)
DA:1,1
DA:3,1
DA:5,9
DA:6,9
DA:7,9
DA:10,9
DA:11,1
DA:13,8
DA:14,1
DA:16,7
DA:17,5
DA:18,1
DA:20,4
DA:21,4
DA:22,1
DA:24,3
LF:16
LH:16
BRDA:10,0,0,1
BRDA:10,0,1,8
BRDA:13,1,0,1
BRDA:13,1,1,7
BRDA:17,2,0,1
BRDA:17,2,1,4
BRDA:21,3,0,1
BRDA:21,3,1,3
BRF:8
BRH:8
end_of_record
TN:
SF:src\utils\errors\index.js
FNF:0
FNH:0
DA:1,1
DA:2,1
DA:4,1
LF:3
LH:3
BRF:0
BRH:0
end_of_record
